The system is: Linux - 3.5.0-26-generic - x86_64
Compiling the C compiler identification source file "CMakeCCompilerId.c" succeeded.
Compiler: /usr/bin/gcc 
Build flags: 
Id flags: 

The output was:
0


Compilation of the C compiler identification source "CMakeCCompilerId.c" produced "a.out"

The C compiler identification is GNU, found in "/home/odyssee/Projets/Pink/pink_lilian/CMakeFiles/CompilerIdC/a.out"

Compiling the CXX compiler identification source file "CMakeCXXCompilerId.cpp" succeeded.
Compiler: /usr/bin/c++ 
Build flags: 
Id flags: 

The output was:
0


Compilation of the CXX compiler identification source "CMakeCXXCompilerId.cpp" produced "a.out"

The CXX compiler identification is GNU, found in "/home/odyssee/Projets/Pink/pink_lilian/CMakeFiles/CompilerIdCXX/a.out"

Determining if the C compiler works passed with the following output:
Change Dir: /home/odyssee/Projets/Pink/pink_lilian/CMakeFiles/CMakeTmp

Run Build Command:/usr/bin/make "cmTryCompileExec1966098070/fast"
/usr/bin/make -f CMakeFiles/cmTryCompileExec1966098070.dir/build.make CMakeFiles/cmTryCompileExec1966098070.dir/build
make[1]: entrant dans le répertoire « /home/odyssee/Projets/Pink/pink_lilian/CMakeFiles/CMakeTmp »
/usr/bin/cmake -E cmake_progress_report /home/odyssee/Projets/Pink/pink_lilian/CMakeFiles/CMakeTmp/CMakeFiles 1
Building C object CMakeFiles/cmTryCompileExec1966098070.dir/testCCompiler.c.o
/usr/bin/gcc    -o CMakeFiles/cmTryCompileExec1966098070.dir/testCCompiler.c.o   -c /home/odyssee/Projets/Pink/pink_lilian/CMakeFiles/CMakeTmp/testCCompiler.c
Linking C executable cmTryCompileExec1966098070
/usr/bin/cmake -E cmake_link_script CMakeFiles/cmTryCompileExec1966098070.dir/link.txt --verbose=1
/usr/bin/gcc         CMakeFiles/cmTryCompileExec1966098070.dir/testCCompiler.c.o  -o cmTryCompileExec1966098070 -rdynamic 
make[1]: quittant le répertoire « /home/odyssee/Projets/Pink/pink_lilian/CMakeFiles/CMakeTmp »


Detecting C compiler ABI info compiled with the following output:
Change Dir: /home/odyssee/Projets/Pink/pink_lilian/CMakeFiles/CMakeTmp

Run Build Command:/usr/bin/make "cmTryCompileExec1926140324/fast"
/usr/bin/make -f CMakeFiles/cmTryCompileExec1926140324.dir/build.make CMakeFiles/cmTryCompileExec1926140324.dir/build
make[1]: entrant dans le répertoire « /home/odyssee/Projets/Pink/pink_lilian/CMakeFiles/CMakeTmp »
/usr/bin/cmake -E cmake_progress_report /home/odyssee/Projets/Pink/pink_lilian/CMakeFiles/CMakeTmp/CMakeFiles 1
Building C object CMakeFiles/cmTryCompileExec1926140324.dir/CMakeCCompilerABI.c.o
/usr/bin/gcc    -o CMakeFiles/cmTryCompileExec1926140324.dir/CMakeCCompilerABI.c.o   -c /usr/share/cmake-2.8/Modules/CMakeCCompilerABI.c
Linking C executable cmTryCompileExec1926140324
/usr/bin/cmake -E cmake_link_script CMakeFiles/cmTryCompileExec1926140324.dir/link.txt --verbose=1
/usr/bin/gcc       -v CMakeFiles/cmTryCompileExec1926140324.dir/CMakeCCompilerABI.c.o  -o cmTryCompileExec1926140324 -rdynamic  
Utilisation des specs internes.
COLLECT_GCC=/usr/bin/gcc
COLLECT_LTO_WRAPPER=/usr/lib/gcc/x86_64-linux-gnu/4.7/lto-wrapper
Target: x86_64-linux-gnu
Configuré avec: ../src/configure -v --with-pkgversion='Ubuntu/Linaro 4.7.2-2ubuntu1' --with-bugurl=file:///usr/share/doc/gcc-4.7/README.Bugs --enable-languages=c,c++,go,fortran,objc,obj-c++ --prefix=/usr --program-suffix=-4.7 --enable-shared --enable-linker-build-id --with-system-zlib --libexecdir=/usr/lib --without-included-gettext --enable-threads=posix --with-gxx-include-dir=/usr/include/c++/4.7 --libdir=/usr/lib --enable-nls --with-sysroot=/ --enable-clocale=gnu --enable-libstdcxx-debug --enable-libstdcxx-time=yes --enable-gnu-unique-object --enable-plugin --enable-objc-gc --disable-werror --with-arch-32=i686 --with-tune=generic --enable-checking=release --build=x86_64-linux-gnu --host=x86_64-linux-gnu --target=x86_64-linux-gnu
Modèle de thread: posix
gcc version 4.7.2 (Ubuntu/Linaro 4.7.2-2ubuntu1) 
COMPILER_PATH=/usr/lib/gcc/x86_64-linux-gnu/4.7/:/usr/lib/gcc/x86_64-linux-gnu/4.7/:/usr/lib/gcc/x86_64-linux-gnu/:/usr/lib/gcc/x86_64-linux-gnu/4.7/:/usr/lib/gcc/x86_64-linux-gnu/
LIBRARY_PATH=/usr/lib/gcc/x86_64-linux-gnu/4.7/:/usr/lib/gcc/x86_64-linux-gnu/4.7/../../../x86_64-linux-gnu/:/usr/lib/gcc/x86_64-linux-gnu/4.7/../../../../lib/:/lib/x86_64-linux-gnu/:/lib/../lib/:/usr/lib/x86_64-linux-gnu/:/usr/lib/../lib/:/usr/lib/gcc/x86_64-linux-gnu/4.7/../../../:/lib/:/usr/lib/
COLLECT_GCC_OPTIONS='-v' '-o' 'cmTryCompileExec1926140324' '-rdynamic' '-mtune=generic' '-march=x86-64'
 /usr/lib/gcc/x86_64-linux-gnu/4.7/collect2 --sysroot=/ --build-id --no-add-needed --as-needed --eh-frame-hdr -m elf_x86_64 --hash-style=gnu -export-dynamic -dynamic-linker /lib64/ld-linux-x86-64.so.2 -z relro -o cmTryCompileExec1926140324 /usr/lib/gcc/x86_64-linux-gnu/4.7/../../../x86_64-linux-gnu/crt1.o /usr/lib/gcc/x86_64-linux-gnu/4.7/../../../x86_64-linux-gnu/crti.o /usr/lib/gcc/x86_64-linux-gnu/4.7/crtbegin.o -L/usr/lib/gcc/x86_64-linux-gnu/4.7 -L/usr/lib/gcc/x86_64-linux-gnu/4.7/../../../x86_64-linux-gnu -L/usr/lib/gcc/x86_64-linux-gnu/4.7/../../../../lib -L/lib/x86_64-linux-gnu -L/lib/../lib -L/usr/lib/x86_64-linux-gnu -L/usr/lib/../lib -L/usr/lib/gcc/x86_64-linux-gnu/4.7/../../.. CMakeFiles/cmTryCompileExec1926140324.dir/CMakeCCompilerABI.c.o -lgcc --as-needed -lgcc_s --no-as-needed -lc -lgcc --as-needed -lgcc_s --no-as-needed /usr/lib/gcc/x86_64-linux-gnu/4.7/crtend.o /usr/lib/gcc/x86_64-linux-gnu/4.7/../../../x86_64-linux-gnu/crtn.o
make[1]: quittant le répertoire « /home/odyssee/Projets/Pink/pink_lilian/CMakeFiles/CMakeTmp »


Parsed C implicit link information from above output:
  link line regex: [^( *|.*[/\])(ld|ld|collect2)[^/\]*( |$)]
  ignore line: [Change Dir: /home/odyssee/Projets/Pink/pink_lilian/CMakeFiles/CMakeTmp]
  ignore line: []
  ignore line: [Run Build Command:/usr/bin/make "cmTryCompileExec1926140324/fast"]
  ignore line: [/usr/bin/make -f CMakeFiles/cmTryCompileExec1926140324.dir/build.make CMakeFiles/cmTryCompileExec1926140324.dir/build]
  ignore line: [make[1]: entrant dans le répertoire « /home/odyssee/Projets/Pink/pink_lilian/CMakeFiles/CMakeTmp »]
  ignore line: [/usr/bin/cmake -E cmake_progress_report /home/odyssee/Projets/Pink/pink_lilian/CMakeFiles/CMakeTmp/CMakeFiles 1]
  ignore line: [Building C object CMakeFiles/cmTryCompileExec1926140324.dir/CMakeCCompilerABI.c.o]
  ignore line: [/usr/bin/gcc    -o CMakeFiles/cmTryCompileExec1926140324.dir/CMakeCCompilerABI.c.o   -c /usr/share/cmake-2.8/Modules/CMakeCCompilerABI.c]
  ignore line: [Linking C executable cmTryCompileExec1926140324]
  ignore line: [/usr/bin/cmake -E cmake_link_script CMakeFiles/cmTryCompileExec1926140324.dir/link.txt --verbose=1]
  ignore line: [/usr/bin/gcc       -v CMakeFiles/cmTryCompileExec1926140324.dir/CMakeCCompilerABI.c.o  -o cmTryCompileExec1926140324 -rdynamic  ]
  ignore line: [Utilisation des specs internes.]
  ignore line: [COLLECT_GCC=/usr/bin/gcc]
  ignore line: [COLLECT_LTO_WRAPPER=/usr/lib/gcc/x86_64-linux-gnu/4.7/lto-wrapper]
  ignore line: [Target: x86_64-linux-gnu]
  ignore line: [Configuré avec: ../src/configure -v --with-pkgversion='Ubuntu/Linaro 4.7.2-2ubuntu1' --with-bugurl=file:///usr/share/doc/gcc-4.7/README.Bugs --enable-languages=c,c++,go,fortran,objc,obj-c++ --prefix=/usr --program-suffix=-4.7 --enable-shared --enable-linker-build-id --with-system-zlib --libexecdir=/usr/lib --without-included-gettext --enable-threads=posix --with-gxx-include-dir=/usr/include/c++/4.7 --libdir=/usr/lib --enable-nls --with-sysroot=/ --enable-clocale=gnu --enable-libstdcxx-debug --enable-libstdcxx-time=yes --enable-gnu-unique-object --enable-plugin --enable-objc-gc --disable-werror --with-arch-32=i686 --with-tune=generic --enable-checking=release --build=x86_64-linux-gnu --host=x86_64-linux-gnu --target=x86_64-linux-gnu]
  ignore line: [Modèle de thread: posix]
  ignore line: [gcc version 4.7.2 (Ubuntu/Linaro 4.7.2-2ubuntu1) ]
  ignore line: [COMPILER_PATH=/usr/lib/gcc/x86_64-linux-gnu/4.7/:/usr/lib/gcc/x86_64-linux-gnu/4.7/:/usr/lib/gcc/x86_64-linux-gnu/:/usr/lib/gcc/x86_64-linux-gnu/4.7/:/usr/lib/gcc/x86_64-linux-gnu/]
  ignore line: [LIBRARY_PATH=/usr/lib/gcc/x86_64-linux-gnu/4.7/:/usr/lib/gcc/x86_64-linux-gnu/4.7/../../../x86_64-linux-gnu/:/usr/lib/gcc/x86_64-linux-gnu/4.7/../../../../lib/:/lib/x86_64-linux-gnu/:/lib/../lib/:/usr/lib/x86_64-linux-gnu/:/usr/lib/../lib/:/usr/lib/gcc/x86_64-linux-gnu/4.7/../../../:/lib/:/usr/lib/]
  ignore line: [COLLECT_GCC_OPTIONS='-v' '-o' 'cmTryCompileExec1926140324' '-rdynamic' '-mtune=generic' '-march=x86-64']
  link line: [ /usr/lib/gcc/x86_64-linux-gnu/4.7/collect2 --sysroot=/ --build-id --no-add-needed --as-needed --eh-frame-hdr -m elf_x86_64 --hash-style=gnu -export-dynamic -dynamic-linker /lib64/ld-linux-x86-64.so.2 -z relro -o cmTryCompileExec1926140324 /usr/lib/gcc/x86_64-linux-gnu/4.7/../../../x86_64-linux-gnu/crt1.o /usr/lib/gcc/x86_64-linux-gnu/4.7/../../../x86_64-linux-gnu/crti.o /usr/lib/gcc/x86_64-linux-gnu/4.7/crtbegin.o -L/usr/lib/gcc/x86_64-linux-gnu/4.7 -L/usr/lib/gcc/x86_64-linux-gnu/4.7/../../../x86_64-linux-gnu -L/usr/lib/gcc/x86_64-linux-gnu/4.7/../../../../lib -L/lib/x86_64-linux-gnu -L/lib/../lib -L/usr/lib/x86_64-linux-gnu -L/usr/lib/../lib -L/usr/lib/gcc/x86_64-linux-gnu/4.7/../../.. CMakeFiles/cmTryCompileExec1926140324.dir/CMakeCCompilerABI.c.o -lgcc --as-needed -lgcc_s --no-as-needed -lc -lgcc --as-needed -lgcc_s --no-as-needed /usr/lib/gcc/x86_64-linux-gnu/4.7/crtend.o /usr/lib/gcc/x86_64-linux-gnu/4.7/../../../x86_64-linux-gnu/crtn.o]
    arg [/usr/lib/gcc/x86_64-linux-gnu/4.7/collect2] ==> ignore
    arg [--sysroot=/] ==> ignore
    arg [--build-id] ==> ignore
    arg [--no-add-needed] ==> ignore
    arg [--as-needed] ==> ignore
    arg [--eh-frame-hdr] ==> ignore
    arg [-m] ==> ignore
    arg [elf_x86_64] ==> ignore
    arg [--hash-style=gnu] ==> ignore
    arg [-export-dynamic] ==> ignore
    arg [-dynamic-linker] ==> ignore
    arg [/lib64/ld-linux-x86-64.so.2] ==> ignore
    arg [-zrelro] ==> ignore
    arg [-o] ==> ignore
    arg [cmTryCompileExec1926140324] ==> ignore
    arg [/usr/lib/gcc/x86_64-linux-gnu/4.7/../../../x86_64-linux-gnu/crt1.o] ==> ignore
    arg [/usr/lib/gcc/x86_64-linux-gnu/4.7/../../../x86_64-linux-gnu/crti.o] ==> ignore
    arg [/usr/lib/gcc/x86_64-linux-gnu/4.7/crtbegin.o] ==> ignore
    arg [-L/usr/lib/gcc/x86_64-linux-gnu/4.7] ==> dir [/usr/lib/gcc/x86_64-linux-gnu/4.7]
    arg [-L/usr/lib/gcc/x86_64-linux-gnu/4.7/../../../x86_64-linux-gnu] ==> dir [/usr/lib/gcc/x86_64-linux-gnu/4.7/../../../x86_64-linux-gnu]
    arg [-L/usr/lib/gcc/x86_64-linux-gnu/4.7/../../../../lib] ==> dir [/usr/lib/gcc/x86_64-linux-gnu/4.7/../../../../lib]
    arg [-L/lib/x86_64-linux-gnu] ==> dir [/lib/x86_64-linux-gnu]
    arg [-L/lib/../lib] ==> dir [/lib/../lib]
    arg [-L/usr/lib/x86_64-linux-gnu] ==> dir [/usr/lib/x86_64-linux-gnu]
    arg [-L/usr/lib/../lib] ==> dir [/usr/lib/../lib]
    arg [-L/usr/lib/gcc/x86_64-linux-gnu/4.7/../../..] ==> dir [/usr/lib/gcc/x86_64-linux-gnu/4.7/../../..]
    arg [CMakeFiles/cmTryCompileExec1926140324.dir/CMakeCCompilerABI.c.o] ==> ignore
    arg [-lgcc] ==> lib [gcc]
    arg [--as-needed] ==> ignore
    arg [-lgcc_s] ==> lib [gcc_s]
    arg [--no-as-needed] ==> ignore
    arg [-lc] ==> lib [c]
    arg [-lgcc] ==> lib [gcc]
    arg [--as-needed] ==> ignore
    arg [-lgcc_s] ==> lib [gcc_s]
    arg [--no-as-needed] ==> ignore
    arg [/usr/lib/gcc/x86_64-linux-gnu/4.7/crtend.o] ==> ignore
    arg [/usr/lib/gcc/x86_64-linux-gnu/4.7/../../../x86_64-linux-gnu/crtn.o] ==> ignore
  remove lib [gcc]
  remove lib [gcc_s]
  remove lib [gcc]
  remove lib [gcc_s]
  collapse dir [/usr/lib/gcc/x86_64-linux-gnu/4.7] ==> [/usr/lib/gcc/x86_64-linux-gnu/4.7]
  collapse dir [/usr/lib/gcc/x86_64-linux-gnu/4.7/../../../x86_64-linux-gnu] ==> [/usr/lib/x86_64-linux-gnu]
  collapse dir [/usr/lib/gcc/x86_64-linux-gnu/4.7/../../../../lib] ==> [/usr/lib]
  collapse dir [/lib/x86_64-linux-gnu] ==> [/lib/x86_64-linux-gnu]
  collapse dir [/lib/../lib] ==> [/lib]
  collapse dir [/usr/lib/x86_64-linux-gnu] ==> [/usr/lib/x86_64-linux-gnu]
  collapse dir [/usr/lib/../lib] ==> [/usr/lib]
  collapse dir [/usr/lib/gcc/x86_64-linux-gnu/4.7/../../..] ==> [/usr/lib]
  implicit libs: [c]
  implicit dirs: [/usr/lib/gcc/x86_64-linux-gnu/4.7;/usr/lib/x86_64-linux-gnu;/usr/lib;/lib/x86_64-linux-gnu;/lib]


Determining if the CXX compiler works passed with the following output:
Change Dir: /home/odyssee/Projets/Pink/pink_lilian/CMakeFiles/CMakeTmp

Run Build Command:/usr/bin/make "cmTryCompileExec885882382/fast"
/usr/bin/make -f CMakeFiles/cmTryCompileExec885882382.dir/build.make CMakeFiles/cmTryCompileExec885882382.dir/build
make[1]: entrant dans le répertoire « /home/odyssee/Projets/Pink/pink_lilian/CMakeFiles/CMakeTmp »
/usr/bin/cmake -E cmake_progress_report /home/odyssee/Projets/Pink/pink_lilian/CMakeFiles/CMakeTmp/CMakeFiles 1
Building CXX object CMakeFiles/cmTryCompileExec885882382.dir/testCXXCompiler.cxx.o
/usr/bin/c++     -o CMakeFiles/cmTryCompileExec885882382.dir/testCXXCompiler.cxx.o -c /home/odyssee/Projets/Pink/pink_lilian/CMakeFiles/CMakeTmp/testCXXCompiler.cxx
Linking CXX executable cmTryCompileExec885882382
/usr/bin/cmake -E cmake_link_script CMakeFiles/cmTryCompileExec885882382.dir/link.txt --verbose=1
/usr/bin/c++          CMakeFiles/cmTryCompileExec885882382.dir/testCXXCompiler.cxx.o  -o cmTryCompileExec885882382 -rdynamic 
make[1]: quittant le répertoire « /home/odyssee/Projets/Pink/pink_lilian/CMakeFiles/CMakeTmp »


Detecting CXX compiler ABI info compiled with the following output:
Change Dir: /home/odyssee/Projets/Pink/pink_lilian/CMakeFiles/CMakeTmp

Run Build Command:/usr/bin/make "cmTryCompileExec1506993113/fast"
/usr/bin/make -f CMakeFiles/cmTryCompileExec1506993113.dir/build.make CMakeFiles/cmTryCompileExec1506993113.dir/build
make[1]: entrant dans le répertoire « /home/odyssee/Projets/Pink/pink_lilian/CMakeFiles/CMakeTmp »
/usr/bin/cmake -E cmake_progress_report /home/odyssee/Projets/Pink/pink_lilian/CMakeFiles/CMakeTmp/CMakeFiles 1
Building CXX object CMakeFiles/cmTryCompileExec1506993113.dir/CMakeCXXCompilerABI.cpp.o
/usr/bin/c++     -o CMakeFiles/cmTryCompileExec1506993113.dir/CMakeCXXCompilerABI.cpp.o -c /usr/share/cmake-2.8/Modules/CMakeCXXCompilerABI.cpp
Linking CXX executable cmTryCompileExec1506993113
/usr/bin/cmake -E cmake_link_script CMakeFiles/cmTryCompileExec1506993113.dir/link.txt --verbose=1
/usr/bin/c++        -v CMakeFiles/cmTryCompileExec1506993113.dir/CMakeCXXCompilerABI.cpp.o  -o cmTryCompileExec1506993113 -rdynamic  
Utilisation des specs internes.
COLLECT_GCC=/usr/bin/c++
COLLECT_LTO_WRAPPER=/usr/lib/gcc/x86_64-linux-gnu/4.7/lto-wrapper
Target: x86_64-linux-gnu
Configuré avec: ../src/configure -v --with-pkgversion='Ubuntu/Linaro 4.7.2-2ubuntu1' --with-bugurl=file:///usr/share/doc/gcc-4.7/README.Bugs --enable-languages=c,c++,go,fortran,objc,obj-c++ --prefix=/usr --program-suffix=-4.7 --enable-shared --enable-linker-build-id --with-system-zlib --libexecdir=/usr/lib --without-included-gettext --enable-threads=posix --with-gxx-include-dir=/usr/include/c++/4.7 --libdir=/usr/lib --enable-nls --with-sysroot=/ --enable-clocale=gnu --enable-libstdcxx-debug --enable-libstdcxx-time=yes --enable-gnu-unique-object --enable-plugin --enable-objc-gc --disable-werror --with-arch-32=i686 --with-tune=generic --enable-checking=release --build=x86_64-linux-gnu --host=x86_64-linux-gnu --target=x86_64-linux-gnu
Modèle de thread: posix
gcc version 4.7.2 (Ubuntu/Linaro 4.7.2-2ubuntu1) 
COMPILER_PATH=/usr/lib/gcc/x86_64-linux-gnu/4.7/:/usr/lib/gcc/x86_64-linux-gnu/4.7/:/usr/lib/gcc/x86_64-linux-gnu/:/usr/lib/gcc/x86_64-linux-gnu/4.7/:/usr/lib/gcc/x86_64-linux-gnu/
LIBRARY_PATH=/usr/lib/gcc/x86_64-linux-gnu/4.7/:/usr/lib/gcc/x86_64-linux-gnu/4.7/../../../x86_64-linux-gnu/:/usr/lib/gcc/x86_64-linux-gnu/4.7/../../../../lib/:/lib/x86_64-linux-gnu/:/lib/../lib/:/usr/lib/x86_64-linux-gnu/:/usr/lib/../lib/:/usr/lib/gcc/x86_64-linux-gnu/4.7/../../../:/lib/:/usr/lib/
COLLECT_GCC_OPTIONS='-v' '-o' 'cmTryCompileExec1506993113' '-rdynamic' '-shared-libgcc' '-mtune=generic' '-march=x86-64'
 /usr/lib/gcc/x86_64-linux-gnu/4.7/collect2 --sysroot=/ --build-id --no-add-needed --as-needed --eh-frame-hdr -m elf_x86_64 --hash-style=gnu -export-dynamic -dynamic-linker /lib64/ld-linux-x86-64.so.2 -z relro -o cmTryCompileExec1506993113 /usr/lib/gcc/x86_64-linux-gnu/4.7/../../../x86_64-linux-gnu/crt1.o /usr/lib/gcc/x86_64-linux-gnu/4.7/../../../x86_64-linux-gnu/crti.o /usr/lib/gcc/x86_64-linux-gnu/4.7/crtbegin.o -L/usr/lib/gcc/x86_64-linux-gnu/4.7 -L/usr/lib/gcc/x86_64-linux-gnu/4.7/../../../x86_64-linux-gnu -L/usr/lib/gcc/x86_64-linux-gnu/4.7/../../../../lib -L/lib/x86_64-linux-gnu -L/lib/../lib -L/usr/lib/x86_64-linux-gnu -L/usr/lib/../lib -L/usr/lib/gcc/x86_64-linux-gnu/4.7/../../.. CMakeFiles/cmTryCompileExec1506993113.dir/CMakeCXXCompilerABI.cpp.o -lstdc++ -lm -lgcc_s -lgcc -lc -lgcc_s -lgcc /usr/lib/gcc/x86_64-linux-gnu/4.7/crtend.o /usr/lib/gcc/x86_64-linux-gnu/4.7/../../../x86_64-linux-gnu/crtn.o
make[1]: quittant le répertoire « /home/odyssee/Projets/Pink/pink_lilian/CMakeFiles/CMakeTmp »


Parsed CXX implicit link information from above output:
  link line regex: [^( *|.*[/\])(ld|ld|collect2)[^/\]*( |$)]
  ignore line: [Change Dir: /home/odyssee/Projets/Pink/pink_lilian/CMakeFiles/CMakeTmp]
  ignore line: []
  ignore line: [Run Build Command:/usr/bin/make "cmTryCompileExec1506993113/fast"]
  ignore line: [/usr/bin/make -f CMakeFiles/cmTryCompileExec1506993113.dir/build.make CMakeFiles/cmTryCompileExec1506993113.dir/build]
  ignore line: [make[1]: entrant dans le répertoire « /home/odyssee/Projets/Pink/pink_lilian/CMakeFiles/CMakeTmp »]
  ignore line: [/usr/bin/cmake -E cmake_progress_report /home/odyssee/Projets/Pink/pink_lilian/CMakeFiles/CMakeTmp/CMakeFiles 1]
  ignore line: [Building CXX object CMakeFiles/cmTryCompileExec1506993113.dir/CMakeCXXCompilerABI.cpp.o]
  ignore line: [/usr/bin/c++     -o CMakeFiles/cmTryCompileExec1506993113.dir/CMakeCXXCompilerABI.cpp.o -c /usr/share/cmake-2.8/Modules/CMakeCXXCompilerABI.cpp]
  ignore line: [Linking CXX executable cmTryCompileExec1506993113]
  ignore line: [/usr/bin/cmake -E cmake_link_script CMakeFiles/cmTryCompileExec1506993113.dir/link.txt --verbose=1]
  ignore line: [/usr/bin/c++        -v CMakeFiles/cmTryCompileExec1506993113.dir/CMakeCXXCompilerABI.cpp.o  -o cmTryCompileExec1506993113 -rdynamic  ]
  ignore line: [Utilisation des specs internes.]
  ignore line: [COLLECT_GCC=/usr/bin/c++]
  ignore line: [COLLECT_LTO_WRAPPER=/usr/lib/gcc/x86_64-linux-gnu/4.7/lto-wrapper]
  ignore line: [Target: x86_64-linux-gnu]
  ignore line: [Configuré avec: ../src/configure -v --with-pkgversion='Ubuntu/Linaro 4.7.2-2ubuntu1' --with-bugurl=file:///usr/share/doc/gcc-4.7/README.Bugs --enable-languages=c,c++,go,fortran,objc,obj-c++ --prefix=/usr --program-suffix=-4.7 --enable-shared --enable-linker-build-id --with-system-zlib --libexecdir=/usr/lib --without-included-gettext --enable-threads=posix --with-gxx-include-dir=/usr/include/c++/4.7 --libdir=/usr/lib --enable-nls --with-sysroot=/ --enable-clocale=gnu --enable-libstdcxx-debug --enable-libstdcxx-time=yes --enable-gnu-unique-object --enable-plugin --enable-objc-gc --disable-werror --with-arch-32=i686 --with-tune=generic --enable-checking=release --build=x86_64-linux-gnu --host=x86_64-linux-gnu --target=x86_64-linux-gnu]
  ignore line: [Modèle de thread: posix]
  ignore line: [gcc version 4.7.2 (Ubuntu/Linaro 4.7.2-2ubuntu1) ]
  ignore line: [COMPILER_PATH=/usr/lib/gcc/x86_64-linux-gnu/4.7/:/usr/lib/gcc/x86_64-linux-gnu/4.7/:/usr/lib/gcc/x86_64-linux-gnu/:/usr/lib/gcc/x86_64-linux-gnu/4.7/:/usr/lib/gcc/x86_64-linux-gnu/]
  ignore line: [LIBRARY_PATH=/usr/lib/gcc/x86_64-linux-gnu/4.7/:/usr/lib/gcc/x86_64-linux-gnu/4.7/../../../x86_64-linux-gnu/:/usr/lib/gcc/x86_64-linux-gnu/4.7/../../../../lib/:/lib/x86_64-linux-gnu/:/lib/../lib/:/usr/lib/x86_64-linux-gnu/:/usr/lib/../lib/:/usr/lib/gcc/x86_64-linux-gnu/4.7/../../../:/lib/:/usr/lib/]
  ignore line: [COLLECT_GCC_OPTIONS='-v' '-o' 'cmTryCompileExec1506993113' '-rdynamic' '-shared-libgcc' '-mtune=generic' '-march=x86-64']
  link line: [ /usr/lib/gcc/x86_64-linux-gnu/4.7/collect2 --sysroot=/ --build-id --no-add-needed --as-needed --eh-frame-hdr -m elf_x86_64 --hash-style=gnu -export-dynamic -dynamic-linker /lib64/ld-linux-x86-64.so.2 -z relro -o cmTryCompileExec1506993113 /usr/lib/gcc/x86_64-linux-gnu/4.7/../../../x86_64-linux-gnu/crt1.o /usr/lib/gcc/x86_64-linux-gnu/4.7/../../../x86_64-linux-gnu/crti.o /usr/lib/gcc/x86_64-linux-gnu/4.7/crtbegin.o -L/usr/lib/gcc/x86_64-linux-gnu/4.7 -L/usr/lib/gcc/x86_64-linux-gnu/4.7/../../../x86_64-linux-gnu -L/usr/lib/gcc/x86_64-linux-gnu/4.7/../../../../lib -L/lib/x86_64-linux-gnu -L/lib/../lib -L/usr/lib/x86_64-linux-gnu -L/usr/lib/../lib -L/usr/lib/gcc/x86_64-linux-gnu/4.7/../../.. CMakeFiles/cmTryCompileExec1506993113.dir/CMakeCXXCompilerABI.cpp.o -lstdc++ -lm -lgcc_s -lgcc -lc -lgcc_s -lgcc /usr/lib/gcc/x86_64-linux-gnu/4.7/crtend.o /usr/lib/gcc/x86_64-linux-gnu/4.7/../../../x86_64-linux-gnu/crtn.o]
    arg [/usr/lib/gcc/x86_64-linux-gnu/4.7/collect2] ==> ignore
    arg [--sysroot=/] ==> ignore
    arg [--build-id] ==> ignore
    arg [--no-add-needed] ==> ignore
    arg [--as-needed] ==> ignore
    arg [--eh-frame-hdr] ==> ignore
    arg [-m] ==> ignore
    arg [elf_x86_64] ==> ignore
    arg [--hash-style=gnu] ==> ignore
    arg [-export-dynamic] ==> ignore
    arg [-dynamic-linker] ==> ignore
    arg [/lib64/ld-linux-x86-64.so.2] ==> ignore
    arg [-zrelro] ==> ignore
    arg [-o] ==> ignore
    arg [cmTryCompileExec1506993113] ==> ignore
    arg [/usr/lib/gcc/x86_64-linux-gnu/4.7/../../../x86_64-linux-gnu/crt1.o] ==> ignore
    arg [/usr/lib/gcc/x86_64-linux-gnu/4.7/../../../x86_64-linux-gnu/crti.o] ==> ignore
    arg [/usr/lib/gcc/x86_64-linux-gnu/4.7/crtbegin.o] ==> ignore
    arg [-L/usr/lib/gcc/x86_64-linux-gnu/4.7] ==> dir [/usr/lib/gcc/x86_64-linux-gnu/4.7]
    arg [-L/usr/lib/gcc/x86_64-linux-gnu/4.7/../../../x86_64-linux-gnu] ==> dir [/usr/lib/gcc/x86_64-linux-gnu/4.7/../../../x86_64-linux-gnu]
    arg [-L/usr/lib/gcc/x86_64-linux-gnu/4.7/../../../../lib] ==> dir [/usr/lib/gcc/x86_64-linux-gnu/4.7/../../../../lib]
    arg [-L/lib/x86_64-linux-gnu] ==> dir [/lib/x86_64-linux-gnu]
    arg [-L/lib/../lib] ==> dir [/lib/../lib]
    arg [-L/usr/lib/x86_64-linux-gnu] ==> dir [/usr/lib/x86_64-linux-gnu]
    arg [-L/usr/lib/../lib] ==> dir [/usr/lib/../lib]
    arg [-L/usr/lib/gcc/x86_64-linux-gnu/4.7/../../..] ==> dir [/usr/lib/gcc/x86_64-linux-gnu/4.7/../../..]
    arg [CMakeFiles/cmTryCompileExec1506993113.dir/CMakeCXXCompilerABI.cpp.o] ==> ignore
    arg [-lstdc++] ==> lib [stdc++]
    arg [-lm] ==> lib [m]
    arg [-lgcc_s] ==> lib [gcc_s]
    arg [-lgcc] ==> lib [gcc]
    arg [-lc] ==> lib [c]
    arg [-lgcc_s] ==> lib [gcc_s]
    arg [-lgcc] ==> lib [gcc]
    arg [/usr/lib/gcc/x86_64-linux-gnu/4.7/crtend.o] ==> ignore
    arg [/usr/lib/gcc/x86_64-linux-gnu/4.7/../../../x86_64-linux-gnu/crtn.o] ==> ignore
  remove lib [gcc_s]
  remove lib [gcc]
  remove lib [gcc_s]
  remove lib [gcc]
  collapse dir [/usr/lib/gcc/x86_64-linux-gnu/4.7] ==> [/usr/lib/gcc/x86_64-linux-gnu/4.7]
  collapse dir [/usr/lib/gcc/x86_64-linux-gnu/4.7/../../../x86_64-linux-gnu] ==> [/usr/lib/x86_64-linux-gnu]
  collapse dir [/usr/lib/gcc/x86_64-linux-gnu/4.7/../../../../lib] ==> [/usr/lib]
  collapse dir [/lib/x86_64-linux-gnu] ==> [/lib/x86_64-linux-gnu]
  collapse dir [/lib/../lib] ==> [/lib]
  collapse dir [/usr/lib/x86_64-linux-gnu] ==> [/usr/lib/x86_64-linux-gnu]
  collapse dir [/usr/lib/../lib] ==> [/usr/lib]
  collapse dir [/usr/lib/gcc/x86_64-linux-gnu/4.7/../../..] ==> [/usr/lib]
  implicit libs: [stdc++;m;c]
  implicit dirs: [/usr/lib/gcc/x86_64-linux-gnu/4.7;/usr/lib/x86_64-linux-gnu;/usr/lib;/lib/x86_64-linux-gnu;/lib]


Determining if the include file X11/Xlib.h exists passed with the following output:
Change Dir: /home/odyssee/Projets/Pink/pink_lilian/CMakeFiles/CMakeTmp

Run Build Command:/usr/bin/make "cmTryCompileExec3002712957/fast"
/usr/bin/make -f CMakeFiles/cmTryCompileExec3002712957.dir/build.make CMakeFiles/cmTryCompileExec3002712957.dir/build
make[1]: entrant dans le répertoire « /home/odyssee/Projets/Pink/pink_lilian/CMakeFiles/CMakeTmp »
/usr/bin/cmake -E cmake_progress_report /home/odyssee/Projets/Pink/pink_lilian/CMakeFiles/CMakeTmp/CMakeFiles 1
Building C object CMakeFiles/cmTryCompileExec3002712957.dir/CheckIncludeFile.c.o
/usr/bin/gcc    -o CMakeFiles/cmTryCompileExec3002712957.dir/CheckIncludeFile.c.o   -c /home/odyssee/Projets/Pink/pink_lilian/CMakeFiles/CMakeTmp/CheckIncludeFile.c
Linking C executable cmTryCompileExec3002712957
/usr/bin/cmake -E cmake_link_script CMakeFiles/cmTryCompileExec3002712957.dir/link.txt --verbose=1
/usr/bin/gcc         CMakeFiles/cmTryCompileExec3002712957.dir/CheckIncludeFile.c.o  -o cmTryCompileExec3002712957 -rdynamic 
make[1]: quittant le répertoire « /home/odyssee/Projets/Pink/pink_lilian/CMakeFiles/CMakeTmp »


Determining if the include file curses.h exists passed with the following output:
Change Dir: /home/odyssee/Projets/Pink/pink_lilian/CMakeFiles/CMakeTmp

Run Build Command:/usr/bin/make "cmTryCompileExec628124129/fast"
/usr/bin/make -f CMakeFiles/cmTryCompileExec628124129.dir/build.make CMakeFiles/cmTryCompileExec628124129.dir/build
make[1]: entrant dans le répertoire « /home/odyssee/Projets/Pink/pink_lilian/CMakeFiles/CMakeTmp »
/usr/bin/cmake -E cmake_progress_report /home/odyssee/Projets/Pink/pink_lilian/CMakeFiles/CMakeTmp/CMakeFiles 1
Building C object CMakeFiles/cmTryCompileExec628124129.dir/CheckIncludeFile.c.o
/usr/bin/gcc    -o CMakeFiles/cmTryCompileExec628124129.dir/CheckIncludeFile.c.o   -c /home/odyssee/Projets/Pink/pink_lilian/CMakeFiles/CMakeTmp/CheckIncludeFile.c
Linking C executable cmTryCompileExec628124129
/usr/bin/cmake -E cmake_link_script CMakeFiles/cmTryCompileExec628124129.dir/link.txt --verbose=1
/usr/bin/gcc         CMakeFiles/cmTryCompileExec628124129.dir/CheckIncludeFile.c.o  -o cmTryCompileExec628124129 -rdynamic 
make[1]: quittant le répertoire « /home/odyssee/Projets/Pink/pink_lilian/CMakeFiles/CMakeTmp »


Determining if the include file X11/Xutil.h exists passed with the following output:
Change Dir: /home/odyssee/Projets/Pink/pink_lilian/CMakeFiles/CMakeTmp

Run Build Command:/usr/bin/make "cmTryCompileExec1124940688/fast"
/usr/bin/make -f CMakeFiles/cmTryCompileExec1124940688.dir/build.make CMakeFiles/cmTryCompileExec1124940688.dir/build
make[1]: entrant dans le répertoire « /home/odyssee/Projets/Pink/pink_lilian/CMakeFiles/CMakeTmp »
/usr/bin/cmake -E cmake_progress_report /home/odyssee/Projets/Pink/pink_lilian/CMakeFiles/CMakeTmp/CMakeFiles 1
Building C object CMakeFiles/cmTryCompileExec1124940688.dir/CheckIncludeFile.c.o
/usr/bin/gcc    -o CMakeFiles/cmTryCompileExec1124940688.dir/CheckIncludeFile.c.o   -c /home/odyssee/Projets/Pink/pink_lilian/CMakeFiles/CMakeTmp/CheckIncludeFile.c
Linking C executable cmTryCompileExec1124940688
/usr/bin/cmake -E cmake_link_script CMakeFiles/cmTryCompileExec1124940688.dir/link.txt --verbose=1
/usr/bin/gcc         CMakeFiles/cmTryCompileExec1124940688.dir/CheckIncludeFile.c.o  -o cmTryCompileExec1124940688 -rdynamic 
make[1]: quittant le répertoire « /home/odyssee/Projets/Pink/pink_lilian/CMakeFiles/CMakeTmp »


Determining if the function XOpenDisplay exists in the /usr/lib/x86_64-linux-gnu/libX11.so;/usr/lib/x86_64-linux-gnu/libXext.so passed with the following output:
Change Dir: /home/odyssee/Projets/Pink/pink_lilian/CMakeFiles/CMakeTmp

Run Build Command:/usr/bin/make "cmTryCompileExec2357943433/fast"
/usr/bin/make -f CMakeFiles/cmTryCompileExec2357943433.dir/build.make CMakeFiles/cmTryCompileExec2357943433.dir/build
make[1]: entrant dans le répertoire « /home/odyssee/Projets/Pink/pink_lilian/CMakeFiles/CMakeTmp »
/usr/bin/cmake -E cmake_progress_report /home/odyssee/Projets/Pink/pink_lilian/CMakeFiles/CMakeTmp/CMakeFiles 1
Building C object CMakeFiles/cmTryCompileExec2357943433.dir/CheckFunctionExists.c.o
/usr/bin/gcc   -DCHECK_FUNCTION_EXISTS=XOpenDisplay   -o CMakeFiles/cmTryCompileExec2357943433.dir/CheckFunctionExists.c.o   -c /usr/share/cmake-2.8/Modules/CheckFunctionExists.c
Linking C executable cmTryCompileExec2357943433
/usr/bin/cmake -E cmake_link_script CMakeFiles/cmTryCompileExec2357943433.dir/link.txt --verbose=1
/usr/bin/gcc     -DCHECK_FUNCTION_EXISTS=XOpenDisplay    CMakeFiles/cmTryCompileExec2357943433.dir/CheckFunctionExists.c.o  -o cmTryCompileExec2357943433 -rdynamic -lX11 -lXext 
make[1]: quittant le répertoire « /home/odyssee/Projets/Pink/pink_lilian/CMakeFiles/CMakeTmp »


Determining if the function gethostbyname exists passed with the following output:
Change Dir: /home/odyssee/Projets/Pink/pink_lilian/CMakeFiles/CMakeTmp

Run Build Command:/usr/bin/make "cmTryCompileExec1766690904/fast"
/usr/bin/make -f CMakeFiles/cmTryCompileExec1766690904.dir/build.make CMakeFiles/cmTryCompileExec1766690904.dir/build
make[1]: entrant dans le répertoire « /home/odyssee/Projets/Pink/pink_lilian/CMakeFiles/CMakeTmp »
/usr/bin/cmake -E cmake_progress_report /home/odyssee/Projets/Pink/pink_lilian/CMakeFiles/CMakeTmp/CMakeFiles 1
Building C object CMakeFiles/cmTryCompileExec1766690904.dir/CheckFunctionExists.c.o
/usr/bin/gcc   -DCHECK_FUNCTION_EXISTS=gethostbyname   -o CMakeFiles/cmTryCompileExec1766690904.dir/CheckFunctionExists.c.o   -c /usr/share/cmake-2.8/Modules/CheckFunctionExists.c
Linking C executable cmTryCompileExec1766690904
/usr/bin/cmake -E cmake_link_script CMakeFiles/cmTryCompileExec1766690904.dir/link.txt --verbose=1
/usr/bin/gcc     -DCHECK_FUNCTION_EXISTS=gethostbyname    CMakeFiles/cmTryCompileExec1766690904.dir/CheckFunctionExists.c.o  -o cmTryCompileExec1766690904 -rdynamic 
make[1]: quittant le répertoire « /home/odyssee/Projets/Pink/pink_lilian/CMakeFiles/CMakeTmp »


Determining if the function connect exists passed with the following output:
Change Dir: /home/odyssee/Projets/Pink/pink_lilian/CMakeFiles/CMakeTmp

Run Build Command:/usr/bin/make "cmTryCompileExec1457649566/fast"
/usr/bin/make -f CMakeFiles/cmTryCompileExec1457649566.dir/build.make CMakeFiles/cmTryCompileExec1457649566.dir/build
make[1]: entrant dans le répertoire « /home/odyssee/Projets/Pink/pink_lilian/CMakeFiles/CMakeTmp »
/usr/bin/cmake -E cmake_progress_report /home/odyssee/Projets/Pink/pink_lilian/CMakeFiles/CMakeTmp/CMakeFiles 1
Building C object CMakeFiles/cmTryCompileExec1457649566.dir/CheckFunctionExists.c.o
/usr/bin/gcc   -DCHECK_FUNCTION_EXISTS=connect   -o CMakeFiles/cmTryCompileExec1457649566.dir/CheckFunctionExists.c.o   -c /usr/share/cmake-2.8/Modules/CheckFunctionExists.c
Linking C executable cmTryCompileExec1457649566
/usr/bin/cmake -E cmake_link_script CMakeFiles/cmTryCompileExec1457649566.dir/link.txt --verbose=1
/usr/bin/gcc     -DCHECK_FUNCTION_EXISTS=connect    CMakeFiles/cmTryCompileExec1457649566.dir/CheckFunctionExists.c.o  -o cmTryCompileExec1457649566 -rdynamic 
make[1]: quittant le répertoire « /home/odyssee/Projets/Pink/pink_lilian/CMakeFiles/CMakeTmp »


Determining if the function remove exists passed with the following output:
Change Dir: /home/odyssee/Projets/Pink/pink_lilian/CMakeFiles/CMakeTmp

Run Build Command:/usr/bin/make "cmTryCompileExec518555887/fast"
/usr/bin/make -f CMakeFiles/cmTryCompileExec518555887.dir/build.make CMakeFiles/cmTryCompileExec518555887.dir/build
make[1]: entrant dans le répertoire « /home/odyssee/Projets/Pink/pink_lilian/CMakeFiles/CMakeTmp »
/usr/bin/cmake -E cmake_progress_report /home/odyssee/Projets/Pink/pink_lilian/CMakeFiles/CMakeTmp/CMakeFiles 1
Building C object CMakeFiles/cmTryCompileExec518555887.dir/CheckFunctionExists.c.o
/usr/bin/gcc   -DCHECK_FUNCTION_EXISTS=remove   -o CMakeFiles/cmTryCompileExec518555887.dir/CheckFunctionExists.c.o   -c /usr/share/cmake-2.8/Modules/CheckFunctionExists.c
Linking C executable cmTryCompileExec518555887
/usr/bin/cmake -E cmake_link_script CMakeFiles/cmTryCompileExec518555887.dir/link.txt --verbose=1
/usr/bin/gcc     -DCHECK_FUNCTION_EXISTS=remove    CMakeFiles/cmTryCompileExec518555887.dir/CheckFunctionExists.c.o  -o cmTryCompileExec518555887 -rdynamic 
make[1]: quittant le répertoire « /home/odyssee/Projets/Pink/pink_lilian/CMakeFiles/CMakeTmp »


Determining if the function shmat exists passed with the following output:
Change Dir: /home/odyssee/Projets/Pink/pink_lilian/CMakeFiles/CMakeTmp

Run Build Command:/usr/bin/make "cmTryCompileExec1590681502/fast"
/usr/bin/make -f CMakeFiles/cmTryCompileExec1590681502.dir/build.make CMakeFiles/cmTryCompileExec1590681502.dir/build
make[1]: entrant dans le répertoire « /home/odyssee/Projets/Pink/pink_lilian/CMakeFiles/CMakeTmp »
/usr/bin/cmake -E cmake_progress_report /home/odyssee/Projets/Pink/pink_lilian/CMakeFiles/CMakeTmp/CMakeFiles 1
Building C object CMakeFiles/cmTryCompileExec1590681502.dir/CheckFunctionExists.c.o
/usr/bin/gcc   -DCHECK_FUNCTION_EXISTS=shmat   -o CMakeFiles/cmTryCompileExec1590681502.dir/CheckFunctionExists.c.o   -c /usr/share/cmake-2.8/Modules/CheckFunctionExists.c
Linking C executable cmTryCompileExec1590681502
/usr/bin/cmake -E cmake_link_script CMakeFiles/cmTryCompileExec1590681502.dir/link.txt --verbose=1
/usr/bin/gcc     -DCHECK_FUNCTION_EXISTS=shmat    CMakeFiles/cmTryCompileExec1590681502.dir/CheckFunctionExists.c.o  -o cmTryCompileExec1590681502 -rdynamic 
make[1]: quittant le répertoire « /home/odyssee/Projets/Pink/pink_lilian/CMakeFiles/CMakeTmp »


Determining if the function IceConnectionNumber exists in the ICE passed with the following output:
Change Dir: /home/odyssee/Projets/Pink/pink_lilian/CMakeFiles/CMakeTmp

Run Build Command:/usr/bin/make "cmTryCompileExec4152287298/fast"
/usr/bin/make -f CMakeFiles/cmTryCompileExec4152287298.dir/build.make CMakeFiles/cmTryCompileExec4152287298.dir/build
make[1]: entrant dans le répertoire « /home/odyssee/Projets/Pink/pink_lilian/CMakeFiles/CMakeTmp »
/usr/bin/cmake -E cmake_progress_report /home/odyssee/Projets/Pink/pink_lilian/CMakeFiles/CMakeTmp/CMakeFiles 1
Building C object CMakeFiles/cmTryCompileExec4152287298.dir/CheckFunctionExists.c.o
/usr/bin/gcc   -DCHECK_FUNCTION_EXISTS=IceConnectionNumber   -o CMakeFiles/cmTryCompileExec4152287298.dir/CheckFunctionExists.c.o   -c /usr/share/cmake-2.8/Modules/CheckFunctionExists.c
Linking C executable cmTryCompileExec4152287298
/usr/bin/cmake -E cmake_link_script CMakeFiles/cmTryCompileExec4152287298.dir/link.txt --verbose=1
/usr/bin/gcc     -DCHECK_FUNCTION_EXISTS=IceConnectionNumber    CMakeFiles/cmTryCompileExec4152287298.dir/CheckFunctionExists.c.o  -o cmTryCompileExec4152287298 -rdynamic -lICE 
make[1]: quittant le répertoire « /home/odyssee/Projets/Pink/pink_lilian/CMakeFiles/CMakeTmp »


Determining if files pthread.h exist passed with the following output:
Change Dir: /home/odyssee/Projets/Pink/pink_lilian/CMakeFiles/CMakeTmp

Run Build Command:/usr/bin/make "cmTryCompileExec4210637381/fast"
/usr/bin/make -f CMakeFiles/cmTryCompileExec4210637381.dir/build.make CMakeFiles/cmTryCompileExec4210637381.dir/build
make[1]: entrant dans le répertoire « /home/odyssee/Projets/Pink/pink_lilian/CMakeFiles/CMakeTmp »
/usr/bin/cmake -E cmake_progress_report /home/odyssee/Projets/Pink/pink_lilian/CMakeFiles/CMakeTmp/CMakeFiles 1
Building C object CMakeFiles/cmTryCompileExec4210637381.dir/CheckIncludeFiles.c.o
/usr/bin/gcc    -o CMakeFiles/cmTryCompileExec4210637381.dir/CheckIncludeFiles.c.o   -c /home/odyssee/Projets/Pink/pink_lilian/CMakeFiles/CMakeTmp/CheckIncludeFiles.c
Linking C executable cmTryCompileExec4210637381
/usr/bin/cmake -E cmake_link_script CMakeFiles/cmTryCompileExec4210637381.dir/link.txt --verbose=1
/usr/bin/gcc         CMakeFiles/cmTryCompileExec4210637381.dir/CheckIncludeFiles.c.o  -o cmTryCompileExec4210637381 -rdynamic 
make[1]: quittant le répertoire « /home/odyssee/Projets/Pink/pink_lilian/CMakeFiles/CMakeTmp »


Determining if the function pthread_create exists in the pthread passed with the following output:
Change Dir: /home/odyssee/Projets/Pink/pink_lilian/CMakeFiles/CMakeTmp

Run Build Command:/usr/bin/make "cmTryCompileExec3109157673/fast"
/usr/bin/make -f CMakeFiles/cmTryCompileExec3109157673.dir/build.make CMakeFiles/cmTryCompileExec3109157673.dir/build
make[1]: entrant dans le répertoire « /home/odyssee/Projets/Pink/pink_lilian/CMakeFiles/CMakeTmp »
/usr/bin/cmake -E cmake_progress_report /home/odyssee/Projets/Pink/pink_lilian/CMakeFiles/CMakeTmp/CMakeFiles 1
Building C object CMakeFiles/cmTryCompileExec3109157673.dir/CheckFunctionExists.c.o
/usr/bin/gcc   -DCHECK_FUNCTION_EXISTS=pthread_create   -o CMakeFiles/cmTryCompileExec3109157673.dir/CheckFunctionExists.c.o   -c /usr/share/cmake-2.8/Modules/CheckFunctionExists.c
Linking C executable cmTryCompileExec3109157673
/usr/bin/cmake -E cmake_link_script CMakeFiles/cmTryCompileExec3109157673.dir/link.txt --verbose=1
/usr/bin/gcc     -DCHECK_FUNCTION_EXISTS=pthread_create    CMakeFiles/cmTryCompileExec3109157673.dir/CheckFunctionExists.c.o  -o cmTryCompileExec3109157673 -rdynamic -lpthread 
make[1]: quittant le répertoire « /home/odyssee/Projets/Pink/pink_lilian/CMakeFiles/CMakeTmp »


Determining if the include file semaphore.h exists passed with the following output:
Change Dir: /home/odyssee/Projets/Pink/pink_lilian/CMakeFiles/CMakeTmp

Run Build Command:/usr/bin/make "cmTryCompileExec3530762948/fast"
/usr/bin/make -f CMakeFiles/cmTryCompileExec3530762948.dir/build.make CMakeFiles/cmTryCompileExec3530762948.dir/build
make[1]: entrant dans le répertoire « /home/odyssee/Projets/Pink/pink_lilian/CMakeFiles/CMakeTmp »
/usr/bin/cmake -E cmake_progress_report /home/odyssee/Projets/Pink/pink_lilian/CMakeFiles/CMakeTmp/CMakeFiles 1
Building C object CMakeFiles/cmTryCompileExec3530762948.dir/CheckIncludeFile.c.o
/usr/bin/gcc    -o CMakeFiles/cmTryCompileExec3530762948.dir/CheckIncludeFile.c.o   -c /home/odyssee/Projets/Pink/pink_lilian/CMakeFiles/CMakeTmp/CheckIncludeFile.c
Linking C executable cmTryCompileExec3530762948
/usr/bin/cmake -E cmake_link_script CMakeFiles/cmTryCompileExec3530762948.dir/link.txt --verbose=1
/usr/bin/gcc         CMakeFiles/cmTryCompileExec3530762948.dir/CheckIncludeFile.c.o  -o cmTryCompileExec3530762948 -rdynamic 
make[1]: quittant le répertoire « /home/odyssee/Projets/Pink/pink_lilian/CMakeFiles/CMakeTmp »


Determining if the include file sys/sem.h exists passed with the following output:
Change Dir: /home/odyssee/Projets/Pink/pink_lilian/CMakeFiles/CMakeTmp

Run Build Command:/usr/bin/make "cmTryCompileExec1428712263/fast"
/usr/bin/make -f CMakeFiles/cmTryCompileExec1428712263.dir/build.make CMakeFiles/cmTryCompileExec1428712263.dir/build
make[1]: entrant dans le répertoire « /home/odyssee/Projets/Pink/pink_lilian/CMakeFiles/CMakeTmp »
/usr/bin/cmake -E cmake_progress_report /home/odyssee/Projets/Pink/pink_lilian/CMakeFiles/CMakeTmp/CMakeFiles 1
Building C object CMakeFiles/cmTryCompileExec1428712263.dir/CheckIncludeFile.c.o
/usr/bin/gcc    -o CMakeFiles/cmTryCompileExec1428712263.dir/CheckIncludeFile.c.o   -c /home/odyssee/Projets/Pink/pink_lilian/CMakeFiles/CMakeTmp/CheckIncludeFile.c
Linking C executable cmTryCompileExec1428712263
/usr/bin/cmake -E cmake_link_script CMakeFiles/cmTryCompileExec1428712263.dir/link.txt --verbose=1
/usr/bin/gcc         CMakeFiles/cmTryCompileExec1428712263.dir/CheckIncludeFile.c.o  -o cmTryCompileExec1428712263 -rdynamic 
make[1]: quittant le répertoire « /home/odyssee/Projets/Pink/pink_lilian/CMakeFiles/CMakeTmp »


Determining if the include file gsl/gsl_interp.h exists passed with the following output:
Change Dir: /home/odyssee/Projets/Pink/pink_lilian/CMakeFiles/CMakeTmp

Run Build Command:/usr/bin/make "cmTryCompileExec3241773878/fast"
/usr/bin/make -f CMakeFiles/cmTryCompileExec3241773878.dir/build.make CMakeFiles/cmTryCompileExec3241773878.dir/build
make[1]: entrant dans le répertoire « /home/odyssee/Projets/Pink/pink_lilian/CMakeFiles/CMakeTmp »
/usr/bin/cmake -E cmake_progress_report /home/odyssee/Projets/Pink/pink_lilian/CMakeFiles/CMakeTmp/CMakeFiles 1
Building C object CMakeFiles/cmTryCompileExec3241773878.dir/CheckIncludeFile.c.o
/usr/bin/gcc    -o CMakeFiles/cmTryCompileExec3241773878.dir/CheckIncludeFile.c.o   -c /home/odyssee/Projets/Pink/pink_lilian/CMakeFiles/CMakeTmp/CheckIncludeFile.c
Linking C executable cmTryCompileExec3241773878
/usr/bin/cmake -E cmake_link_script CMakeFiles/cmTryCompileExec3241773878.dir/link.txt --verbose=1
/usr/bin/gcc         CMakeFiles/cmTryCompileExec3241773878.dir/CheckIncludeFile.c.o  -o cmTryCompileExec3241773878 -rdynamic 
make[1]: quittant le répertoire « /home/odyssee/Projets/Pink/pink_lilian/CMakeFiles/CMakeTmp »


Determining if the include file sys/types.h exists passed with the following output:
Change Dir: /home/odyssee/Projets/Pink/pink_lilian/CMakeFiles/CMakeTmp

Run Build Command:/usr/bin/make "cmTryCompileExec2833781309/fast"
/usr/bin/make -f CMakeFiles/cmTryCompileExec2833781309.dir/build.make CMakeFiles/cmTryCompileExec2833781309.dir/build
make[1]: entrant dans le répertoire « /home/odyssee/Projets/Pink/pink_lilian/CMakeFiles/CMakeTmp »
/usr/bin/cmake -E cmake_progress_report /home/odyssee/Projets/Pink/pink_lilian/CMakeFiles/CMakeTmp/CMakeFiles 1
Building C object CMakeFiles/cmTryCompileExec2833781309.dir/CheckIncludeFile.c.o
/usr/bin/gcc    -o CMakeFiles/cmTryCompileExec2833781309.dir/CheckIncludeFile.c.o   -c /home/odyssee/Projets/Pink/pink_lilian/CMakeFiles/CMakeTmp/CheckIncludeFile.c
Linking C executable cmTryCompileExec2833781309
/usr/bin/cmake -E cmake_link_script CMakeFiles/cmTryCompileExec2833781309.dir/link.txt --verbose=1
/usr/bin/gcc         CMakeFiles/cmTryCompileExec2833781309.dir/CheckIncludeFile.c.o  -o cmTryCompileExec2833781309 -rdynamic 
make[1]: quittant le répertoire « /home/odyssee/Projets/Pink/pink_lilian/CMakeFiles/CMakeTmp »


Determining if the include file stdint.h exists passed with the following output:
Change Dir: /home/odyssee/Projets/Pink/pink_lilian/CMakeFiles/CMakeTmp

Run Build Command:/usr/bin/make "cmTryCompileExec1127066715/fast"
/usr/bin/make -f CMakeFiles/cmTryCompileExec1127066715.dir/build.make CMakeFiles/cmTryCompileExec1127066715.dir/build
make[1]: entrant dans le répertoire « /home/odyssee/Projets/Pink/pink_lilian/CMakeFiles/CMakeTmp »
/usr/bin/cmake -E cmake_progress_report /home/odyssee/Projets/Pink/pink_lilian/CMakeFiles/CMakeTmp/CMakeFiles 1
Building C object CMakeFiles/cmTryCompileExec1127066715.dir/CheckIncludeFile.c.o
/usr/bin/gcc    -o CMakeFiles/cmTryCompileExec1127066715.dir/CheckIncludeFile.c.o   -c /home/odyssee/Projets/Pink/pink_lilian/CMakeFiles/CMakeTmp/CheckIncludeFile.c
Linking C executable cmTryCompileExec1127066715
/usr/bin/cmake -E cmake_link_script CMakeFiles/cmTryCompileExec1127066715.dir/link.txt --verbose=1
/usr/bin/gcc         CMakeFiles/cmTryCompileExec1127066715.dir/CheckIncludeFile.c.o  -o cmTryCompileExec1127066715 -rdynamic 
make[1]: quittant le répertoire « /home/odyssee/Projets/Pink/pink_lilian/CMakeFiles/CMakeTmp »


Determining if the include file stddef.h exists passed with the following output:
Change Dir: /home/odyssee/Projets/Pink/pink_lilian/CMakeFiles/CMakeTmp

Run Build Command:/usr/bin/make "cmTryCompileExec3343513641/fast"
/usr/bin/make -f CMakeFiles/cmTryCompileExec3343513641.dir/build.make CMakeFiles/cmTryCompileExec3343513641.dir/build
make[1]: entrant dans le répertoire « /home/odyssee/Projets/Pink/pink_lilian/CMakeFiles/CMakeTmp »
/usr/bin/cmake -E cmake_progress_report /home/odyssee/Projets/Pink/pink_lilian/CMakeFiles/CMakeTmp/CMakeFiles 1
Building C object CMakeFiles/cmTryCompileExec3343513641.dir/CheckIncludeFile.c.o
/usr/bin/gcc    -o CMakeFiles/cmTryCompileExec3343513641.dir/CheckIncludeFile.c.o   -c /home/odyssee/Projets/Pink/pink_lilian/CMakeFiles/CMakeTmp/CheckIncludeFile.c
Linking C executable cmTryCompileExec3343513641
/usr/bin/cmake -E cmake_link_script CMakeFiles/cmTryCompileExec3343513641.dir/link.txt --verbose=1
/usr/bin/gcc         CMakeFiles/cmTryCompileExec3343513641.dir/CheckIncludeFile.c.o  -o cmTryCompileExec3343513641 -rdynamic 
make[1]: quittant le répertoire « /home/odyssee/Projets/Pink/pink_lilian/CMakeFiles/CMakeTmp »


Determining size of void* passed with the following output:
Change Dir: /home/odyssee/Projets/Pink/pink_lilian/CMakeFiles/CMakeTmp

Run Build Command:/usr/bin/make "cmTryCompileExec999369714/fast"
/usr/bin/make -f CMakeFiles/cmTryCompileExec999369714.dir/build.make CMakeFiles/cmTryCompileExec999369714.dir/build
make[1]: entrant dans le répertoire « /home/odyssee/Projets/Pink/pink_lilian/CMakeFiles/CMakeTmp »
/usr/bin/cmake -E cmake_progress_report /home/odyssee/Projets/Pink/pink_lilian/CMakeFiles/CMakeTmp/CMakeFiles 1
Building C object CMakeFiles/cmTryCompileExec999369714.dir/POINTER_SIZE.c.o
/usr/bin/gcc    -o CMakeFiles/cmTryCompileExec999369714.dir/POINTER_SIZE.c.o   -c /home/odyssee/Projets/Pink/pink_lilian/CMakeFiles/CheckTypeSize/POINTER_SIZE.c
Linking C executable cmTryCompileExec999369714
/usr/bin/cmake -E cmake_link_script CMakeFiles/cmTryCompileExec999369714.dir/link.txt --verbose=1
/usr/bin/gcc         CMakeFiles/cmTryCompileExec999369714.dir/POINTER_SIZE.c.o  -o cmTryCompileExec999369714 -rdynamic 
make[1]: quittant le répertoire « /home/odyssee/Projets/Pink/pink_lilian/CMakeFiles/CMakeTmp »


Determining if the include file X11/Xlib.h exists passed with the following output:
Change Dir: /home/odyssee/Projets/Pink/pink_lilian/CMakeFiles/CMakeTmp

Run Build Command:/usr/bin/make "cmTryCompileExec2777360362/fast"
/usr/bin/make -f CMakeFiles/cmTryCompileExec2777360362.dir/build.make CMakeFiles/cmTryCompileExec2777360362.dir/build
make[1]: entrant dans le répertoire « /home/odyssee/Projets/Pink/pink_lilian/CMakeFiles/CMakeTmp »
/usr/bin/cmake -E cmake_progress_report /home/odyssee/Projets/Pink/pink_lilian/CMakeFiles/CMakeTmp/CMakeFiles 1
Building C object CMakeFiles/cmTryCompileExec2777360362.dir/CheckIncludeFile.c.o
/usr/bin/gcc    -o CMakeFiles/cmTryCompileExec2777360362.dir/CheckIncludeFile.c.o   -c /home/odyssee/Projets/Pink/pink_lilian/CMakeFiles/CMakeTmp/CheckIncludeFile.c
Linking C executable cmTryCompileExec2777360362
/usr/bin/cmake -E cmake_link_script CMakeFiles/cmTryCompileExec2777360362.dir/link.txt --verbose=1
/usr/bin/gcc         CMakeFiles/cmTryCompileExec2777360362.dir/CheckIncludeFile.c.o  -o cmTryCompileExec2777360362 -rdynamic 
make[1]: quittant le répertoire « /home/odyssee/Projets/Pink/pink_lilian/CMakeFiles/CMakeTmp »


Determining if the include file curses.h exists passed with the following output:
Change Dir: /home/odyssee/Projets/Pink/pink_lilian/CMakeFiles/CMakeTmp

Run Build Command:/usr/bin/make "cmTryCompileExec2072796133/fast"
/usr/bin/make -f CMakeFiles/cmTryCompileExec2072796133.dir/build.make CMakeFiles/cmTryCompileExec2072796133.dir/build
make[1]: entrant dans le répertoire « /home/odyssee/Projets/Pink/pink_lilian/CMakeFiles/CMakeTmp »
/usr/bin/cmake -E cmake_progress_report /home/odyssee/Projets/Pink/pink_lilian/CMakeFiles/CMakeTmp/CMakeFiles 1
Building C object CMakeFiles/cmTryCompileExec2072796133.dir/CheckIncludeFile.c.o
/usr/bin/gcc    -o CMakeFiles/cmTryCompileExec2072796133.dir/CheckIncludeFile.c.o   -c /home/odyssee/Projets/Pink/pink_lilian/CMakeFiles/CMakeTmp/CheckIncludeFile.c
Linking C executable cmTryCompileExec2072796133
/usr/bin/cmake -E cmake_link_script CMakeFiles/cmTryCompileExec2072796133.dir/link.txt --verbose=1
/usr/bin/gcc         CMakeFiles/cmTryCompileExec2072796133.dir/CheckIncludeFile.c.o  -o cmTryCompileExec2072796133 -rdynamic 
make[1]: quittant le répertoire « /home/odyssee/Projets/Pink/pink_lilian/CMakeFiles/CMakeTmp »


Determining if the include file X11/Xutil.h exists passed with the following output:
Change Dir: /home/odyssee/Projets/Pink/pink_lilian/CMakeFiles/CMakeTmp

Run Build Command:/usr/bin/make "cmTryCompileExec4005331998/fast"
/usr/bin/make -f CMakeFiles/cmTryCompileExec4005331998.dir/build.make CMakeFiles/cmTryCompileExec4005331998.dir/build
make[1]: entrant dans le répertoire « /home/odyssee/Projets/Pink/pink_lilian/CMakeFiles/CMakeTmp »
/usr/bin/cmake -E cmake_progress_report /home/odyssee/Projets/Pink/pink_lilian/CMakeFiles/CMakeTmp/CMakeFiles 1
Building C object CMakeFiles/cmTryCompileExec4005331998.dir/CheckIncludeFile.c.o
/usr/bin/gcc    -o CMakeFiles/cmTryCompileExec4005331998.dir/CheckIncludeFile.c.o   -c /home/odyssee/Projets/Pink/pink_lilian/CMakeFiles/CMakeTmp/CheckIncludeFile.c
Linking C executable cmTryCompileExec4005331998
/usr/bin/cmake -E cmake_link_script CMakeFiles/cmTryCompileExec4005331998.dir/link.txt --verbose=1
/usr/bin/gcc         CMakeFiles/cmTryCompileExec4005331998.dir/CheckIncludeFile.c.o  -o cmTryCompileExec4005331998 -rdynamic 
make[1]: quittant le répertoire « /home/odyssee/Projets/Pink/pink_lilian/CMakeFiles/CMakeTmp »


Determining if the include file semaphore.h exists passed with the following output:
Change Dir: /home/odyssee/Projets/Pink/pink_lilian/CMakeFiles/CMakeTmp

Run Build Command:/usr/bin/make "cmTryCompileExec3006908366/fast"
/usr/bin/make -f CMakeFiles/cmTryCompileExec3006908366.dir/build.make CMakeFiles/cmTryCompileExec3006908366.dir/build
make[1]: entrant dans le répertoire « /home/odyssee/Projets/Pink/pink_lilian/CMakeFiles/CMakeTmp »
/usr/bin/cmake -E cmake_progress_report /home/odyssee/Projets/Pink/pink_lilian/CMakeFiles/CMakeTmp/CMakeFiles 1
Building C object CMakeFiles/cmTryCompileExec3006908366.dir/CheckIncludeFile.c.o
/usr/bin/gcc    -o CMakeFiles/cmTryCompileExec3006908366.dir/CheckIncludeFile.c.o   -c /home/odyssee/Projets/Pink/pink_lilian/CMakeFiles/CMakeTmp/CheckIncludeFile.c
Linking C executable cmTryCompileExec3006908366
/usr/bin/cmake -E cmake_link_script CMakeFiles/cmTryCompileExec3006908366.dir/link.txt --verbose=1
/usr/bin/gcc         CMakeFiles/cmTryCompileExec3006908366.dir/CheckIncludeFile.c.o  -o cmTryCompileExec3006908366 -rdynamic 
make[1]: quittant le répertoire « /home/odyssee/Projets/Pink/pink_lilian/CMakeFiles/CMakeTmp »


Determining if the include file sys/sem.h exists passed with the following output:
Change Dir: /home/odyssee/Projets/Pink/pink_lilian/CMakeFiles/CMakeTmp

Run Build Command:/usr/bin/make "cmTryCompileExec665144045/fast"
/usr/bin/make -f CMakeFiles/cmTryCompileExec665144045.dir/build.make CMakeFiles/cmTryCompileExec665144045.dir/build
make[1]: entrant dans le répertoire « /home/odyssee/Projets/Pink/pink_lilian/CMakeFiles/CMakeTmp »
/usr/bin/cmake -E cmake_progress_report /home/odyssee/Projets/Pink/pink_lilian/CMakeFiles/CMakeTmp/CMakeFiles 1
Building C object CMakeFiles/cmTryCompileExec665144045.dir/CheckIncludeFile.c.o
/usr/bin/gcc    -o CMakeFiles/cmTryCompileExec665144045.dir/CheckIncludeFile.c.o   -c /home/odyssee/Projets/Pink/pink_lilian/CMakeFiles/CMakeTmp/CheckIncludeFile.c
Linking C executable cmTryCompileExec665144045
/usr/bin/cmake -E cmake_link_script CMakeFiles/cmTryCompileExec665144045.dir/link.txt --verbose=1
/usr/bin/gcc         CMakeFiles/cmTryCompileExec665144045.dir/CheckIncludeFile.c.o  -o cmTryCompileExec665144045 -rdynamic 
make[1]: quittant le répertoire « /home/odyssee/Projets/Pink/pink_lilian/CMakeFiles/CMakeTmp »


Determining if the include file gsl/gsl_interp.h exists passed with the following output:
Change Dir: /home/odyssee/Projets/Pink/pink_lilian/CMakeFiles/CMakeTmp

Run Build Command:/usr/bin/make "cmTryCompileExec3704433844/fast"
/usr/bin/make -f CMakeFiles/cmTryCompileExec3704433844.dir/build.make CMakeFiles/cmTryCompileExec3704433844.dir/build
make[1]: entrant dans le répertoire « /home/odyssee/Projets/Pink/pink_lilian/CMakeFiles/CMakeTmp »
/usr/bin/cmake -E cmake_progress_report /home/odyssee/Projets/Pink/pink_lilian/CMakeFiles/CMakeTmp/CMakeFiles 1
Building C object CMakeFiles/cmTryCompileExec3704433844.dir/CheckIncludeFile.c.o
/usr/bin/gcc    -o CMakeFiles/cmTryCompileExec3704433844.dir/CheckIncludeFile.c.o   -c /home/odyssee/Projets/Pink/pink_lilian/CMakeFiles/CMakeTmp/CheckIncludeFile.c
Linking C executable cmTryCompileExec3704433844
/usr/bin/cmake -E cmake_link_script CMakeFiles/cmTryCompileExec3704433844.dir/link.txt --verbose=1
/usr/bin/gcc         CMakeFiles/cmTryCompileExec3704433844.dir/CheckIncludeFile.c.o  -o cmTryCompileExec3704433844 -rdynamic 
make[1]: quittant le répertoire « /home/odyssee/Projets/Pink/pink_lilian/CMakeFiles/CMakeTmp »


Determining if the include file X11/Xlib.h exists passed with the following output:
Change Dir: /home/odyssee/Projets/Pink/pink_lilian/CMakeFiles/CMakeTmp

Run Build Command:/usr/bin/make "cmTryCompileExec3964077074/fast"
/usr/bin/make -f CMakeFiles/cmTryCompileExec3964077074.dir/build.make CMakeFiles/cmTryCompileExec3964077074.dir/build
make[1]: entrant dans le répertoire « /home/odyssee/Projets/Pink/pink_lilian/CMakeFiles/CMakeTmp »
/usr/bin/cmake -E cmake_progress_report /home/odyssee/Projets/Pink/pink_lilian/CMakeFiles/CMakeTmp/CMakeFiles 1
Building C object CMakeFiles/cmTryCompileExec3964077074.dir/CheckIncludeFile.c.o
/usr/bin/gcc    -o CMakeFiles/cmTryCompileExec3964077074.dir/CheckIncludeFile.c.o   -c /home/odyssee/Projets/Pink/pink_lilian/CMakeFiles/CMakeTmp/CheckIncludeFile.c
Linking C executable cmTryCompileExec3964077074
/usr/bin/cmake -E cmake_link_script CMakeFiles/cmTryCompileExec3964077074.dir/link.txt --verbose=1
/usr/bin/gcc         CMakeFiles/cmTryCompileExec3964077074.dir/CheckIncludeFile.c.o  -o cmTryCompileExec3964077074 -rdynamic 
make[1]: quittant le répertoire « /home/odyssee/Projets/Pink/pink_lilian/CMakeFiles/CMakeTmp »


Determining if the include file curses.h exists passed with the following output:
Change Dir: /home/odyssee/Projets/Pink/pink_lilian/CMakeFiles/CMakeTmp

Run Build Command:/usr/bin/make "cmTryCompileExec3164207960/fast"
/usr/bin/make -f CMakeFiles/cmTryCompileExec3164207960.dir/build.make CMakeFiles/cmTryCompileExec3164207960.dir/build
make[1]: entrant dans le répertoire « /home/odyssee/Projets/Pink/pink_lilian/CMakeFiles/CMakeTmp »
/usr/bin/cmake -E cmake_progress_report /home/odyssee/Projets/Pink/pink_lilian/CMakeFiles/CMakeTmp/CMakeFiles 1
Building C object CMakeFiles/cmTryCompileExec3164207960.dir/CheckIncludeFile.c.o
/usr/bin/gcc    -o CMakeFiles/cmTryCompileExec3164207960.dir/CheckIncludeFile.c.o   -c /home/odyssee/Projets/Pink/pink_lilian/CMakeFiles/CMakeTmp/CheckIncludeFile.c
Linking C executable cmTryCompileExec3164207960
/usr/bin/cmake -E cmake_link_script CMakeFiles/cmTryCompileExec3164207960.dir/link.txt --verbose=1
/usr/bin/gcc         CMakeFiles/cmTryCompileExec3164207960.dir/CheckIncludeFile.c.o  -o cmTryCompileExec3164207960 -rdynamic 
make[1]: quittant le répertoire « /home/odyssee/Projets/Pink/pink_lilian/CMakeFiles/CMakeTmp »


Determining if the include file X11/Xutil.h exists passed with the following output:
Change Dir: /home/odyssee/Projets/Pink/pink_lilian/CMakeFiles/CMakeTmp

Run Build Command:/usr/bin/make "cmTryCompileExec1202776688/fast"
/usr/bin/make -f CMakeFiles/cmTryCompileExec1202776688.dir/build.make CMakeFiles/cmTryCompileExec1202776688.dir/build
make[1]: entrant dans le répertoire « /home/odyssee/Projets/Pink/pink_lilian/CMakeFiles/CMakeTmp »
/usr/bin/cmake -E cmake_progress_report /home/odyssee/Projets/Pink/pink_lilian/CMakeFiles/CMakeTmp/CMakeFiles 1
Building C object CMakeFiles/cmTryCompileExec1202776688.dir/CheckIncludeFile.c.o
/usr/bin/gcc    -o CMakeFiles/cmTryCompileExec1202776688.dir/CheckIncludeFile.c.o   -c /home/odyssee/Projets/Pink/pink_lilian/CMakeFiles/CMakeTmp/CheckIncludeFile.c
Linking C executable cmTryCompileExec1202776688
/usr/bin/cmake -E cmake_link_script CMakeFiles/cmTryCompileExec1202776688.dir/link.txt --verbose=1
/usr/bin/gcc         CMakeFiles/cmTryCompileExec1202776688.dir/CheckIncludeFile.c.o  -o cmTryCompileExec1202776688 -rdynamic 
make[1]: quittant le répertoire « /home/odyssee/Projets/Pink/pink_lilian/CMakeFiles/CMakeTmp »


Determining if the include file semaphore.h exists passed with the following output:
Change Dir: /home/odyssee/Projets/Pink/pink_lilian/CMakeFiles/CMakeTmp

Run Build Command:/usr/bin/make "cmTryCompileExec2219249930/fast"
/usr/bin/make -f CMakeFiles/cmTryCompileExec2219249930.dir/build.make CMakeFiles/cmTryCompileExec2219249930.dir/build
make[1]: entrant dans le répertoire « /home/odyssee/Projets/Pink/pink_lilian/CMakeFiles/CMakeTmp »
/usr/bin/cmake -E cmake_progress_report /home/odyssee/Projets/Pink/pink_lilian/CMakeFiles/CMakeTmp/CMakeFiles 1
Building C object CMakeFiles/cmTryCompileExec2219249930.dir/CheckIncludeFile.c.o
/usr/bin/gcc    -o CMakeFiles/cmTryCompileExec2219249930.dir/CheckIncludeFile.c.o   -c /home/odyssee/Projets/Pink/pink_lilian/CMakeFiles/CMakeTmp/CheckIncludeFile.c
Linking C executable cmTryCompileExec2219249930
/usr/bin/cmake -E cmake_link_script CMakeFiles/cmTryCompileExec2219249930.dir/link.txt --verbose=1
/usr/bin/gcc         CMakeFiles/cmTryCompileExec2219249930.dir/CheckIncludeFile.c.o  -o cmTryCompileExec2219249930 -rdynamic 
make[1]: quittant le répertoire « /home/odyssee/Projets/Pink/pink_lilian/CMakeFiles/CMakeTmp »


Determining if the include file sys/sem.h exists passed with the following output:
Change Dir: /home/odyssee/Projets/Pink/pink_lilian/CMakeFiles/CMakeTmp

Run Build Command:/usr/bin/make "cmTryCompileExec3652371460/fast"
/usr/bin/make -f CMakeFiles/cmTryCompileExec3652371460.dir/build.make CMakeFiles/cmTryCompileExec3652371460.dir/build
make[1]: entrant dans le répertoire « /home/odyssee/Projets/Pink/pink_lilian/CMakeFiles/CMakeTmp »
/usr/bin/cmake -E cmake_progress_report /home/odyssee/Projets/Pink/pink_lilian/CMakeFiles/CMakeTmp/CMakeFiles 1
Building C object CMakeFiles/cmTryCompileExec3652371460.dir/CheckIncludeFile.c.o
/usr/bin/gcc    -o CMakeFiles/cmTryCompileExec3652371460.dir/CheckIncludeFile.c.o   -c /home/odyssee/Projets/Pink/pink_lilian/CMakeFiles/CMakeTmp/CheckIncludeFile.c
Linking C executable cmTryCompileExec3652371460
/usr/bin/cmake -E cmake_link_script CMakeFiles/cmTryCompileExec3652371460.dir/link.txt --verbose=1
/usr/bin/gcc         CMakeFiles/cmTryCompileExec3652371460.dir/CheckIncludeFile.c.o  -o cmTryCompileExec3652371460 -rdynamic 
make[1]: quittant le répertoire « /home/odyssee/Projets/Pink/pink_lilian/CMakeFiles/CMakeTmp »


Determining if the include file gsl/gsl_interp.h exists passed with the following output:
Change Dir: /home/odyssee/Projets/Pink/pink_lilian/CMakeFiles/CMakeTmp

Run Build Command:/usr/bin/make "cmTryCompileExec3580886612/fast"
/usr/bin/make -f CMakeFiles/cmTryCompileExec3580886612.dir/build.make CMakeFiles/cmTryCompileExec3580886612.dir/build
make[1]: entrant dans le répertoire « /home/odyssee/Projets/Pink/pink_lilian/CMakeFiles/CMakeTmp »
/usr/bin/cmake -E cmake_progress_report /home/odyssee/Projets/Pink/pink_lilian/CMakeFiles/CMakeTmp/CMakeFiles 1
Building C object CMakeFiles/cmTryCompileExec3580886612.dir/CheckIncludeFile.c.o
/usr/bin/gcc    -o CMakeFiles/cmTryCompileExec3580886612.dir/CheckIncludeFile.c.o   -c /home/odyssee/Projets/Pink/pink_lilian/CMakeFiles/CMakeTmp/CheckIncludeFile.c
Linking C executable cmTryCompileExec3580886612
/usr/bin/cmake -E cmake_link_script CMakeFiles/cmTryCompileExec3580886612.dir/link.txt --verbose=1
/usr/bin/gcc         CMakeFiles/cmTryCompileExec3580886612.dir/CheckIncludeFile.c.o  -o cmTryCompileExec3580886612 -rdynamic 
make[1]: quittant le répertoire « /home/odyssee/Projets/Pink/pink_lilian/CMakeFiles/CMakeTmp »


